<?xml version="1.0" encoding="UTF-8"?>
<testng-results skipped="0" failed="0" ignored="0" total="1" passed="1">
  <reporter-output>
  </reporter-output>
  <suite name="Default suite" duration-ms="22258" started-at="2023-11-05T06:18:43Z" finished-at="2023-11-05T06:19:05Z">
    <groups>
    </groups>
    <test name="Default test" duration-ms="22258" started-at="2023-11-05T06:18:43Z" finished-at="2023-11-05T06:19:05Z">
      <class name="learnappium.Appium_Mobile.ScoreAPP">
        <test-method status="PASS" signature="ConfigureAppium()[pri:0, instance:learnappium.Appium_Mobile.ScoreAPP@291b4bf5]" name="ConfigureAppium" is-config="true" duration-ms="7990" started-at="2023-11-05T06:18:35Z" finished-at="2023-11-05T06:18:43Z">
          <reporter-output>
          </reporter-output>
        </test-method> <!-- ConfigureAppium -->
        <test-method status="PASS" signature="beforeTest()[pri:0, instance:learnappium.Appium_Mobile.ScoreAPP@291b4bf5]" name="beforeTest" is-config="true" duration-ms="216" started-at="2023-11-05T06:18:43Z" finished-at="2023-11-05T06:18:43Z">
          <reporter-output>
          </reporter-output>
        </test-method> <!-- beforeTest -->
        <test-method status="PASS" signature="ScoreAPPMethod()[pri:0, instance:learnappium.Appium_Mobile.ScoreAPP@291b4bf5]" name="ScoreAPPMethod" duration-ms="22019" started-at="2023-11-05T06:18:43Z" finished-at="2023-11-05T06:19:05Z">
          <reporter-output>
          </reporter-output>
        </test-method> <!-- ScoreAPPMethod -->
        <test-method status="PASS" signature="tearDown()[pri:0, instance:learnappium.Appium_Mobile.ScoreAPP@291b4bf5]" name="tearDown" is-config="true" duration-ms="1200" started-at="2023-11-05T06:19:05Z" finished-at="2023-11-05T06:19:06Z">
          <reporter-output>
          </reporter-output>
        </test-method> <!-- tearDown -->
      </class> <!-- learnappium.Appium_Mobile.ScoreAPP -->
    </test> <!-- Default test -->
  </suite> <!-- Default suite -->
</testng-results>
